<?xml version="1.0" encoding="UTF-8"?>
<!-- Generated by org.testng.reporters.JUnitXMLReporter -->
<testsuite ignored="2" hostname="Storm_Rider" failures="1" tests="6" name="Test2" time="135.041" errors="0" timestamp="2024-10-24T15:16:27 IST">
  <testcase classname="com.comcast.crm.leadTestNGTest.CreateLeadTest" name="createLead" time="11.31">
    <failure type="java.lang.AssertionError" message="expected [false] but found [true]">
      <![CDATA[java.lang.AssertionError: expected [false] but found [true]
at com.comcast.crm.leadTestNGTest.CreateLeadTest.createLead(CreateLeadTest.java:36)
at java.base/java.util.ArrayList.forEach(ArrayList.java:1596)
at java.base/java.util.concurrent.FutureTask.run(FutureTask.java:317)
at java.base/java.util.concurrent.ThreadPoolExecutor.runWorker(ThreadPoolExecutor.java:1144)
at java.base/java.util.concurrent.ThreadPoolExecutor$Worker.run(ThreadPoolExecutor.java:642)
at java.base/java.lang.Thread.run(Thread.java:1583)
... Removed 19 stack frames]]>
    </failure>
  </testcase> <!-- createLead -->
  <testcase classname="com.comcast.crm.leadTestNGTest.CreateLeadTest" name="createLeadWithPhoneNumber" time="11.51"/>
  <testcase classname="com.comcast.crm.leadTestNGTest.CreateLeadTest" name="createLeadWithRating" time="12.167"/>
  <testcase classname="com.comcast.crm.leadTestNGTest.CreateLeadTest" name="createLeadWithSource" time="8.846"/>
  <testcase classname="com.comcast.crm.vendorTestNGTest.CreateVendorTest" name="createAndDuplicateVendor" time="14.677"/>
  <testcase classname="com.comcast.crm.vendorTestNGTest.CreateVendorTest" name="createVendor" time="8.76"/>
  <testcase classname="com.crm.comcast.generic.baseUtility.BaseClass" name="@BeforeSuite configBeforeSuite" time="0.0">
    <ignored/>
  </testcase> <!-- @BeforeSuite configBeforeSuite -->
  <testcase classname="com.crm.comcast.generic.baseUtility.BaseClass" name="@AfterSuite configAfterSuite" time="0.0">
    <ignored/>
  </testcase> <!-- @AfterSuite configAfterSuite -->
</testsuite> <!-- Test2 -->
