<?xml version="1.0" encoding="UTF-8"?>
<!-- Generated by org.testng.reporters.JUnitXMLReporter -->
<testsuite ignored="2" hostname="Storm_Rider" failures="1" tests="6" name="Test1" time="78.662" errors="0" timestamp="2024-10-24T15:15:31 IST">
  <testcase classname="com.crm.comcast.generic.baseUtility.BaseClass" name="@AfterMethod configureAfterMethod" time="5.466">
    <failure type="org.openqa.selenium.NoSuchElementException" message="Unable to locate element: Sign Out
For documentation on this error, please visit: https://www.selenium.dev/documentation/webdriver/troubleshooting/errors#no-such-element-exception
Build info: version: &amp;apos;4.25.0&amp;apos;, revision: &amp;apos;8a8aea2337&amp;apos;
System info: os.name: &amp;apos;Windows 11&amp;apos;, os.arch: &amp;apos;amd64&amp;apos;, os.version: &amp;apos;10.0&amp;apos;, java.version: &amp;apos;21&amp;apos;
Driver info: org.openqa.selenium.firefox.FirefoxDriver
Command: [aef6ecc3-b6c0-4772-81c9-2d83c66d637d, findElement {using=link text, value=Sign Out}]
Capabilities {acceptInsecureCerts: true, browserName: firefox, browserVersion: 127.0.1, moz:accessibilityChecks: false, moz:buildID: 20240618110440, moz:debuggerAddress: 127.0.0.1:29991, moz:geckodriverVersion: 0.35.0, moz:headless: false, moz:platformVersion: 10.0, moz:processID: 5544, moz:profile: C:\Users\rahul\AppData\Loca..., moz:shutdownTimeout: 60000, moz:webdriverClick: true, moz:windowless: false, pageLoadStrategy: normal, platformName: windows, proxy: Proxy(), se:cdp: ws://127.0.0.1:29991/devtoo..., se:cdpVersion: 85.0, setWindowRect: true, strictFileInteractability: false, timeouts: {implicit: 0, pageLoad: 300000, script: 30000}, unhandledPromptBehavior: dismiss and notify, userAgent: Mozilla/5.0 (Windows NT 10....}
Session ID: aef6ecc3-b6c0-4772-81c9-2d83c66d637d">
      <![CDATA[org.openqa.selenium.NoSuchElementException: Unable to locate element: Sign Out
For documentation on this error, please visit: https://www.selenium.dev/documentation/webdriver/troubleshooting/errors#no-such-element-exception
Build info: version: '4.25.0', revision: '8a8aea2337'
System info: os.name: 'Windows 11', os.arch: 'amd64', os.version: '10.0', java.version: '21'
Driver info: org.openqa.selenium.firefox.FirefoxDriver
Command: [aef6ecc3-b6c0-4772-81c9-2d83c66d637d, findElement {using=link text, value=Sign Out}]
Capabilities {acceptInsecureCerts: true, browserName: firefox, browserVersion: 127.0.1, moz:accessibilityChecks: false, moz:buildID: 20240618110440, moz:debuggerAddress: 127.0.0.1:29991, moz:geckodriverVersion: 0.35.0, moz:headless: false, moz:platformVersion: 10.0, moz:processID: 5544, moz:profile: C:\Users\rahul\AppData\Loca..., moz:shutdownTimeout: 60000, moz:webdriverClick: true, moz:windowless: false, pageLoadStrategy: normal, platformName: windows, proxy: Proxy(), se:cdp: ws://127.0.0.1:29991/devtoo..., se:cdpVersion: 85.0, setWindowRect: true, strictFileInteractability: false, timeouts: {implicit: 0, pageLoad: 300000, script: 30000}, unhandledPromptBehavior: dismiss and notify, userAgent: Mozilla/5.0 (Windows NT 10....}
Session ID: aef6ecc3-b6c0-4772-81c9-2d83c66d637d
at org.openqa.selenium.remote.ErrorCodec.decode(ErrorCodec.java:167)
at org.openqa.selenium.remote.codec.w3c.W3CHttpResponseCodec.decode(W3CHttpResponseCodec.java:138)
at org.openqa.selenium.remote.codec.w3c.W3CHttpResponseCodec.decode(W3CHttpResponseCodec.java:50)
at org.openqa.selenium.remote.HttpCommandExecutor.execute(HttpCommandExecutor.java:190)
at org.openqa.selenium.remote.service.DriverCommandExecutor.invokeExecute(DriverCommandExecutor.java:216)
at org.openqa.selenium.remote.service.DriverCommandExecutor.execute(DriverCommandExecutor.java:174)
at org.openqa.selenium.remote.RemoteWebDriver.execute(RemoteWebDriver.java:545)
at org.openqa.selenium.remote.ElementLocation$ElementFinder$2.findElement(ElementLocation.java:165)
at org.openqa.selenium.remote.ElementLocation.findElement(ElementLocation.java:59)
at org.openqa.selenium.remote.RemoteWebDriver.findElement(RemoteWebDriver.java:368)
at org.openqa.selenium.remote.RemoteWebDriver.findElement(RemoteWebDriver.java:362)
at org.openqa.selenium.support.pagefactory.DefaultElementLocator.findElement(DefaultElementLocator.java:68)
at org.openqa.selenium.support.pagefactory.internal.LocatingElementHandler.invoke(LocatingElementHandler.java:38)
at jdk.proxy2/jdk.proxy2.$Proxy18.click(Unknown Source)
at com.comcast.crm.objectRepositoryutility.HomePage.logout(HomePage.java:77)
at com.crm.comcast.generic.baseUtility.BaseClass.configureAfterMethod(BaseClass.java:71)
at java.base/java.util.ArrayList.forEach(ArrayList.java:1596)
at java.base/java.util.concurrent.FutureTask.run(FutureTask.java:317)
at java.base/java.util.concurrent.ThreadPoolExecutor.runWorker(ThreadPoolExecutor.java:1144)
at java.base/java.util.concurrent.ThreadPoolExecutor$Worker.run(ThreadPoolExecutor.java:642)
at java.base/java.lang.Thread.run(Thread.java:1583)
... Removed 23 stack frames]]>
    </failure>
  </testcase> <!-- @AfterMethod configureAfterMethod -->
  <testcase classname="com.crm.comcast.generic.baseUtility.BaseClass" name="@BeforeMethod configureBeforeMethod" time="0.0">
    <skipped/>
  </testcase> <!-- @BeforeMethod configureBeforeMethod -->
  <testcase classname="com.crm.comcast.generic.baseUtility.BaseClass" name="@AfterMethod configureAfterMethod" time="0.0">
    <skipped/>
  </testcase> <!-- @AfterMethod configureAfterMethod -->
  <testcase classname="com.crm.comcast.generic.baseUtility.BaseClass" name="@BeforeMethod configureBeforeMethod" time="0.0">
    <skipped/>
  </testcase> <!-- @BeforeMethod configureBeforeMethod -->
  <testcase classname="com.crm.comcast.generic.baseUtility.BaseClass" name="@AfterMethod configureAfterMethod" time="0.0">
    <skipped/>
  </testcase> <!-- @AfterMethod configureAfterMethod -->
  <testcase classname="com.crm.comcast.generic.baseUtility.BaseClass" name="@BeforeMethod configureBeforeMethod" time="0.0">
    <skipped/>
  </testcase> <!-- @BeforeMethod configureBeforeMethod -->
  <testcase classname="com.crm.comcast.generic.baseUtility.BaseClass" name="@AfterMethod configureAfterMethod" time="0.0">
    <skipped/>
  </testcase> <!-- @AfterMethod configureAfterMethod -->
  <testcase classname="com.crm.comcast.generic.baseUtility.BaseClass" name="@AfterClass configAfterClass" time="0.0">
    <skipped/>
  </testcase> <!-- @AfterClass configAfterClass -->
  <testcase classname="com.comcast.crm.leadTestNGTest.CreateLeadTest" name="createLead" time="10.724">
    <failure type="java.lang.AssertionError" message="expected [false] but found [true]">
      <![CDATA[java.lang.AssertionError: expected [false] but found [true]
at com.comcast.crm.leadTestNGTest.CreateLeadTest.createLead(CreateLeadTest.java:36)
at java.base/java.util.ArrayList.forEach(ArrayList.java:1596)
at java.base/java.util.concurrent.FutureTask.run(FutureTask.java:317)
at java.base/java.util.concurrent.ThreadPoolExecutor.runWorker(ThreadPoolExecutor.java:1144)
at java.base/java.util.concurrent.ThreadPoolExecutor$Worker.run(ThreadPoolExecutor.java:642)
at java.base/java.lang.Thread.run(Thread.java:1583)
... Removed 19 stack frames]]>
    </failure>
  </testcase> <!-- createLead -->
  <testcase classname="com.comcast.crm.leadTestNGTest.CreateLeadTest" name="createLeadWithPhoneNumber" time="0.001">
    <skipped/>
  </testcase> <!-- createLeadWithPhoneNumber -->
  <testcase classname="com.comcast.crm.leadTestNGTest.CreateLeadTest" name="createLeadWithRating" time="0.0">
    <skipped/>
  </testcase> <!-- createLeadWithRating -->
  <testcase classname="com.comcast.crm.leadTestNGTest.CreateLeadTest" name="createLeadWithSource" time="0.0">
    <skipped/>
  </testcase> <!-- createLeadWithSource -->
  <testcase classname="com.comcast.crm.vendorTestNGTest.CreateVendorTest" name="createAndDuplicateVendor" time="16.136"/>
  <testcase classname="com.comcast.crm.vendorTestNGTest.CreateVendorTest" name="createVendor" time="8.928"/>
  <testcase classname="com.crm.comcast.generic.baseUtility.BaseClass" name="@AfterSuite configAfterSuite" time="0.0">
    <ignored/>
  </testcase> <!-- @AfterSuite configAfterSuite -->
  <testcase classname="com.crm.comcast.generic.baseUtility.BaseClass" name="@BeforeSuite configBeforeSuite" time="0.0">
    <ignored/>
  </testcase> <!-- @BeforeSuite configBeforeSuite -->
</testsuite> <!-- Test1 -->
